# JRE version: Java(TM) SE Runtime Environment (8.0_121-b13) (build 1.8.0_121-b13)
# Java VM: Java HotSpot(TM) 64-Bit Server VM (25.121-b13 mixed mode windows-amd64 compressed oops)
Heap:
 PSYoungGen      total 279552K, used 73441K [0x000000076e000000, 0x000000078b700000, 0x00000007c0000000)
  eden space 191488K, 38% used [0x000000076e000000,0x00000007727b8490,0x0000000779b00000)
  from space 88064K, 0% used [0x0000000779b00000,0x0000000779b00000,0x000000077f100000)
  to   space 112128K, 0% used [0x0000000784980000,0x0000000784980000,0x000000078b700000)
 ParOldGen       total 129024K, used 129014K [0x00000006ca000000, 0x00000006d1e00000, 0x000000076e000000)
  object space 129024K, 99% used [0x00000006ca000000,0x00000006d1dfdb90,0x00000006d1e00000)
 Metaspace       used 31097K, capacity 31918K, committed 32256K, reserved 1077248K
  class space    used 3567K, capacity 3796K, committed 3840K, reserved 1048576K
GC Heap History (10 events):
Event: 16.579 GC heap before
{Heap before GC invocations=14 (full 1):
 PSYoungGen      total 203264K, used 203238K [0x000000076e000000, 0x000000077e100000, 0x00000007c0000000)
  eden space 163328K, 100% used [0x000000076e000000,0x0000000777f80000,0x0000000777f80000)
  from space 39936K, 99% used [0x000000077ac80000,0x000000077d379b90,0x000000077d380000)
  to   space 46080K, 0% used [0x0000000777f80000,0x0000000777f80000,0x000000077ac80000)
 ParOldGen       total 129024K, used 27899K [0x00000006ca000000, 0x00000006d1e00000, 0x000000076e000000)
  object space 129024K, 21% used [0x00000006ca000000,0x00000006cbb3ec10,0x00000006d1e00000)
 Metaspace       used 28312K, capacity 29048K, committed 29184K, reserved 1075200K
  class space    used 3336K, capacity 3525K, committed 3584K, reserved 1048576K
Event: 16.605 GC heap after
Heap after GC invocations=14 (full 1):
 PSYoungGen      total 209408K, used 46065K [0x000000076e000000, 0x0000000783400000, 0x00000007c0000000)
  eden space 163328K, 0% used [0x000000076e000000,0x000000076e000000,0x0000000777f80000)
  from space 46080K, 99% used [0x0000000777f80000,0x000000077ac7c598,0x000000077ac80000)
  to   space 68608K, 0% used [0x000000077f100000,0x000000077f100000,0x0000000783400000)
 ParOldGen       total 129024K, used 69513K [0x00000006ca000000, 0x00000006d1e00000, 0x000000076e000000)
  object space 129024K, 53% used [0x00000006ca000000,0x00000006ce3e2598,0x00000006d1e00000)
 Metaspace       used 28312K, capacity 29048K, committed 29184K, reserved 1075200K
  class space    used 3336K, capacity 3525K, committed 3584K, reserved 1048576K
}
Event: 18.681 GC heap before
{Heap before GC invocations=15 (full 1):
 PSYoungGen      total 209408K, used 209393K [0x000000076e000000, 0x0000000783400000, 0x00000007c0000000)
  eden space 163328K, 100% used [0x000000076e000000,0x0000000777f80000,0x0000000777f80000)
  from space 46080K, 99% used [0x0000000777f80000,0x000000077ac7c598,0x000000077ac80000)
  to   space 68608K, 0% used [0x000000077f100000,0x000000077f100000,0x0000000783400000)
 ParOldGen       total 129024K, used 69513K [0x00000006ca000000, 0x00000006d1e00000, 0x000000076e000000)
  object space 129024K, 53% used [0x00000006ca000000,0x00000006ce3e2598,0x00000006d1e00000)
 Metaspace       used 28971K, capacity 29720K, committed 29952K, reserved 1075200K
  class space    used 3360K, capacity 3557K, committed 3584K, reserved 1048576K
Event: 18.712 GC heap after
Heap after GC invocations=15 (full 1):
 PSYoungGen      total 260096K, used 68601K [0x000000076e000000, 0x0000000785c80000, 0x00000007c0000000)
  eden space 191488K, 0% used [0x000000076e000000,0x000000076e000000,0x0000000779b00000)
  from space 68608K, 99% used [0x000000077f100000,0x00000007833fe558,0x0000000783400000)
  to   space 88064K, 0% used [0x0000000779b00000,0x0000000779b00000,0x000000077f100000)
 ParOldGen       total 129024K, used 92386K [0x00000006ca000000, 0x00000006d1e00000, 0x000000076e000000)
  object space 129024K, 71% used [0x00000006ca000000,0x00000006cfa38960,0x00000006d1e00000)
 Metaspace       used 28971K, capacity 29720K, committed 29952K, reserved 1075200K
  class space    used 3360K, capacity 3557K, committed 3584K, reserved 1048576K
}
Event: 20.214 GC heap before
{Heap before GC invocations=16 (full 1):
 PSYoungGen      total 260096K, used 260089K [0x000000076e000000, 0x0000000785c80000, 0x00000007c0000000)
  eden space 191488K, 100% used [0x000000076e000000,0x0000000779b00000,0x0000000779b00000)
  from space 68608K, 99% used [0x000000077f100000,0x00000007833fe558,0x0000000783400000)
  to   space 88064K, 0% used [0x0000000779b00000,0x0000000779b00000,0x000000077f100000)
 ParOldGen       total 129024K, used 92386K [0x00000006ca000000, 0x00000006d1e00000, 0x000000076e000000)
  object space 129024K, 71% used [0x00000006ca000000,0x00000006cfa38960,0x00000006d1e00000)
 Metaspace       used 29453K, capacity 30200K, committed 30592K, reserved 1077248K
  class space    used 3390K, capacity 3589K, committed 3712K, reserved 1048576K
Event: 20.256 GC heap after
Heap after GC invocations=16 (full 1):
 PSYoungGen      total 279552K, used 88062K [0x000000076e000000, 0x000000078b700000, 0x00000007c0000000)
  eden space 191488K, 0% used [0x000000076e000000,0x000000076e000000,0x0000000779b00000)
  from space 88064K, 99% used [0x0000000779b00000,0x000000077f0ff9f0,0x000000077f100000)
  to   space 112128K, 0% used [0x0000000784980000,0x0000000784980000,0x000000078b700000)
 ParOldGen       total 129024K, used 117894K [0x00000006ca000000, 0x00000006d1e00000, 0x000000076e000000)
  object space 129024K, 91% used [0x00000006ca000000,0x00000006d1321b70,0x00000006d1e00000)
 Metaspace       used 29453K, capacity 30200K, committed 30592K, reserved 1077248K
  class space    used 3390K, capacity 3589K, committed 3712K, reserved 1048576K
}
Event: 20.256 GC heap before
{Heap before GC invocations=17 (full 2):
 PSYoungGen      total 279552K, used 88062K [0x000000076e000000, 0x000000078b700000, 0x00000007c0000000)
  eden space 191488K, 0% used [0x000000076e000000,0x000000076e000000,0x0000000779b00000)
  from space 88064K, 99% used [0x0000000779b00000,0x000000077f0ff9f0,0x000000077f100000)
  to   space 112128K, 0% used [0x0000000784980000,0x0000000784980000,0x000000078b700000)
 ParOldGen       total 129024K, used 117894K [0x00000006ca000000, 0x00000006d1e00000, 0x000000076e000000)
  object space 129024K, 91% used [0x00000006ca000000,0x00000006d1321b70,0x00000006d1e00000)
 Metaspace       used 29453K, capacity 30200K, committed 30592K, reserved 1077248K
  class space    used 3390K, capacity 3589K, committed 3712K, reserved 1048576K
Event: 20.570 GC heap after
Heap after GC invocations=17 (full 2):
 PSYoungGen      total 279552K, used 69046K [0x000000076e000000, 0x000000078b700000, 0x00000007c0000000)
  eden space 191488K, 0% used [0x000000076e000000,0x000000076e000000,0x0000000779b00000)
  from space 88064K, 78% used [0x0000000779b00000,0x000000077de6db60,0x000000077f100000)
  to   space 112128K, 0% used [0x0000000784980000,0x0000000784980000,0x000000078b700000)
 ParOldGen       total 129024K, used 128883K [0x00000006ca000000, 0x00000006d1e00000, 0x000000076e000000)
  object space 129024K, 99% used [0x00000006ca000000,0x00000006d1ddcea8,0x00000006d1e00000)
 Metaspace       used 29453K, capacity 30200K, committed 30592K, reserved 1077248K
  class space    used 3390K, capacity 3589K, committed 3712K, reserved 1048576K
}
Event: 22.474 GC heap before
{Heap before GC invocations=18 (full 3):
 PSYoungGen      total 279552K, used 260534K [0x000000076e000000, 0x000000078b700000, 0x00000007c0000000)
  eden space 191488K, 100% used [0x000000076e000000,0x0000000779b00000,0x0000000779b00000)
  from space 88064K, 78% used [0x0000000779b00000,0x000000077de6db60,0x000000077f100000)
  to   space 112128K, 0% used [0x0000000784980000,0x0000000784980000,0x000000078b700000)
 ParOldGen       total 129024K, used 128883K [0x00000006ca000000, 0x00000006d1e00000, 0x000000076e000000)
  object space 129024K, 99% used [0x00000006ca000000,0x00000006d1ddcea8,0x00000006d1e00000)
 Metaspace       used 31083K, capacity 31918K, committed 32256K, reserved 1077248K
  class space    used 3567K, capacity 3796K, committed 3840K, reserved 1048576K
Event: 22.715 GC heap after
Heap after GC invocations=18 (full 3):
 PSYoungGen      total 279552K, used 69631K [0x000000076e000000, 0x000000078b700000, 0x00000007c0000000)
  eden space 191488K, 36% used [0x000000076e000000,0x00000007723ffdc8,0x0000000779b00000)
  from space 88064K, 0% used [0x0000000779b00000,0x0000000779b00000,0x000000077f100000)
  to   space 112128K, 0% used [0x0000000784980000,0x0000000784980000,0x000000078b700000)
 ParOldGen       total 129024K, used 129014K [0x00000006ca000000, 0x00000006d1e00000, 0x000000076e000000)
  object space 129024K, 99% used [0x00000006ca000000,0x00000006d1dfdb90,0x00000006d1e00000)
 Metaspace       used 31083K, capacity 31918K, committed 32256K, reserved 1077248K
  class space    used 3567K, capacity 3796K, committed 3840K, reserved 1048576K
}

